[INFO] Scanning for projects...
[INFO] 
[INFO] --------------------------< com.example:demo >--------------------------
[INFO] Building hotel_management_backend 0.0.1-SNAPSHOT
[INFO]   from pom.xml
[INFO] --------------------------------[ jar ]---------------------------------
[INFO] 
[INFO] >>> spring-boot:3.5.10:run (default-cli) > test-compile @ demo >>>
[INFO] 
[INFO] --- resources:3.3.1:resources (default-resources) @ demo ---
[INFO] Copying 1 resource from src\main\resources to target\classes
[INFO] Copying 0 resource from src\main\resources to target\classes
[INFO] 
[INFO] --- compiler:3.14.1:compile (default-compile) @ demo ---
[INFO] Recompiling the module because of changed source code.
[INFO] Compiling 126 source files with javac [debug parameters release 17] to target\classes
[WARNING] /D:/ILP Sprint/demo/src/main/java/com/example/demo/services/BookingService.java:[358,33] <T>where(org.springframework.data.jpa.domain.Specification<T>) in org.springframework.data.jpa.domain.Specification has been deprecated and marked for removal
[INFO] /D:/ILP Sprint/demo/src/main/java/com/example/demo/config/SecurityConfig.java: D:\ILP Sprint\demo\src\main\java\com\example\demo\config\SecurityConfig.java uses or overrides a deprecated API.
[INFO] /D:/ILP Sprint/demo/src/main/java/com/example/demo/config/SecurityConfig.java: Recompile with -Xlint:deprecation for details.
[INFO] 
[INFO] --- resources:3.3.1:testResources (default-testResources) @ demo ---
[INFO] skip non existing resourceDirectory D:\ILP Sprint\demo\src\test\resources
[INFO] 
[INFO] --- compiler:3.14.1:testCompile (default-testCompile) @ demo ---
[INFO] Recompiling the module because of changed dependency.
[INFO] Compiling 1 source file with javac [debug parameters release 17] to target\test-classes
[INFO] 
[INFO] <<< spring-boot:3.5.10:run (default-cli) < test-compile @ demo <<<
[INFO] 
[INFO] 
[INFO] --- spring-boot:3.5.10:run (default-cli) @ demo ---
[INFO] Attaching agents: []

  .   ____          _            __ _ _
 /\\ / ___'_ __ _ _(_)_ __  __ _ \ \ \ \
( ( )\___ | '_ | '_| | '_ \/ _` | \ \ \ \
 \\/  ___)| |_)| | | | | || (_| |  ) ) ) )
  '  |____| .__|_| |_|_| |_\__, | / / / /
 =========|_|==============|___/=/_/_/_/

 :: Spring Boot ::               (v3.5.10)

2026-03-04T22:33:03.335+05:30  INFO 4964 --- [hotel_management_backend] [           main] c.e.d.HotelManagementBackendApplication  : Starting HotelManagementBackendApplication using Java 17.0.11 with PID 4964 (D:\ILP Sprint\demo\target\classes started by HP in D:\ILP Sprint\demo)
2026-03-04T22:33:03.339+05:30  INFO 4964 --- [hotel_management_backend] [           main] c.e.d.HotelManagementBackendApplication  : No active profile set, falling back to 1 default profile: "default"
2026-03-04T22:33:05.157+05:30  INFO 4964 --- [hotel_management_backend] [           main] .s.d.r.c.RepositoryConfigurationDelegate : Bootstrapping Spring Data JPA repositories in DEFAULT mode.
2026-03-04T22:33:05.345+05:30  INFO 4964 --- [hotel_management_backend] [           main] .s.d.r.c.RepositoryConfigurationDelegate : Finished Spring Data repository scanning in 170 ms. Found 13 JPA repository interfaces.
2026-03-04T22:33:06.485+05:30  INFO 4964 --- [hotel_management_backend] [           main] o.s.b.w.embedded.tomcat.TomcatWebServer  : Tomcat initialized with port 8080 (http)
2026-03-04T22:33:06.506+05:30  INFO 4964 --- [hotel_management_backend] [           main] o.apache.catalina.core.StandardService   : Starting service [Tomcat]
2026-03-04T22:33:06.506+05:30  INFO 4964 --- [hotel_management_backend] [           main] o.apache.catalina.core.StandardEngine    : Starting Servlet engine: [Apache Tomcat/10.1.50]
2026-03-04T22:33:06.620+05:30  INFO 4964 --- [hotel_management_backend] [           main] o.a.c.c.C.[Tomcat].[localhost].[/]       : Initializing Spring embedded WebApplicationContext
2026-03-04T22:33:06.622+05:30  INFO 4964 --- [hotel_management_backend] [           main] w.s.c.ServletWebServerApplicationContext : Root WebApplicationContext: initialization completed in 3205 ms
2026-03-04T22:33:07.019+05:30  INFO 4964 --- [hotel_management_backend] [           main] o.hibernate.jpa.internal.util.LogHelper  : HHH000204: Processing PersistenceUnitInfo [name: default]
2026-03-04T22:33:07.103+05:30  INFO 4964 --- [hotel_management_backend] [           main] org.hibernate.Version                    : HHH000412: Hibernate ORM core version 6.6.41.Final
2026-03-04T22:33:07.162+05:30  INFO 4964 --- [hotel_management_backend] [           main] o.h.c.internal.RegionFactoryInitiator    : HHH000026: Second-level cache disabled
2026-03-04T22:33:07.645+05:30  INFO 4964 --- [hotel_management_backend] [           main] o.s.o.j.p.SpringPersistenceUnitInfo      : No LoadTimeWeaver setup: ignoring JPA class transformer
2026-03-04T22:33:07.697+05:30  INFO 4964 --- [hotel_management_backend] [           main] com.zaxxer.hikari.HikariDataSource       : HikariPool-1 - Starting...
2026-03-04T22:33:07.997+05:30  INFO 4964 --- [hotel_management_backend] [           main] com.zaxxer.hikari.pool.HikariPool        : HikariPool-1 - Added connection com.mysql.cj.jdbc.ConnectionImpl@31fe0ce5
2026-03-04T22:33:08.001+05:30  INFO 4964 --- [hotel_management_backend] [           main] com.zaxxer.hikari.HikariDataSource       : HikariPool-1 - Start completed.
2026-03-04T22:33:08.078+05:30  WARN 4964 --- [hotel_management_backend] [           main] org.hibernate.orm.deprecation            : HHH90000025: MySQL8Dialect does not need to be specified explicitly using 'hibernate.dialect' (remove the property setting and it will be selected by default)
2026-03-04T22:33:08.080+05:30  WARN 4964 --- [hotel_management_backend] [           main] org.hibernate.orm.deprecation            : HHH90000026: MySQL8Dialect has been deprecated; use org.hibernate.dialect.MySQLDialect instead
2026-03-04T22:33:08.116+05:30  INFO 4964 --- [hotel_management_backend] [           main] org.hibernate.orm.connections.pooling    : HHH10001005: Database info:
	Database JDBC URL [Connecting through datasource 'HikariDataSource (HikariPool-1)']
	Database driver: undefined/unknown
	Database version: 8.0
	Autocommit mode: undefined/unknown
	Isolation level: undefined/unknown
	Minimum pool size: undefined/unknown
	Maximum pool size: undefined/unknown
2026-03-04T22:33:10.216+05:30  INFO 4964 --- [hotel_management_backend] [           main] o.h.e.t.j.p.i.JtaPlatformInitiator       : HHH000489: No JTA platform available (set 'hibernate.transaction.jta.platform' to enable JTA platform integration)
Hibernate: alter table complaints modify column category enum ('BILLING_ISSUE','OTHER','ROOM_ISSUE','SERVICE_ISSUE') not null
Hibernate: alter table complaints modify column contact_preference enum ('CALL','EMAIL') not null
Hibernate: alter table complaints modify column status enum ('CLOSED','ESCALATED','IN_PROGRESS','OPEN','RESOLVED') not null
2026-03-04T22:33:10.624+05:30  INFO 4964 --- [hotel_management_backend] [           main] j.LocalContainerEntityManagerFactoryBean : Initialized JPA EntityManagerFactory for persistence unit 'default'
2026-03-04T22:33:11.356+05:30  INFO 4964 --- [hotel_management_backend] [           main] o.s.d.j.r.query.QueryEnhancerFactory     : Hibernate is in classpath; If applicable, HQL parser will be used.
2026-03-04T22:33:12.709+05:30  INFO 4964 --- [hotel_management_backend] [           main] eAuthenticationProviderManagerConfigurer : Global AuthenticationManager configured with AuthenticationProvider bean with name authenticationProvider
2026-03-04T22:33:12.710+05:30  WARN 4964 --- [hotel_management_backend] [           main] r$InitializeUserDetailsManagerConfigurer : Global AuthenticationManager configured with an AuthenticationProvider bean. UserDetailsService beans will not be used by Spring Security for automatically configuring username/password login. Consider removing the AuthenticationProvider bean. Alternatively, consider using the UserDetailsService in a manually instantiated DaoAuthenticationProvider. If the current configuration is intentional, to turn off this warning, increase the logging level of 'org.springframework.security.config.annotation.authentication.configuration.InitializeUserDetailsBeanManagerConfigurer' to ERROR
2026-03-04T22:33:13.069+05:30  WARN 4964 --- [hotel_management_backend] [           main] JpaBaseConfiguration$JpaWebConfiguration : spring.jpa.open-in-view is enabled by default. Therefore, database queries may be performed during view rendering. Explicitly configure spring.jpa.open-in-view to disable this warning
2026-03-04T22:33:13.727+05:30  INFO 4964 --- [hotel_management_backend] [           main] o.s.b.a.e.web.EndpointLinksResolver      : Exposing 1 endpoint beneath base path '/actuator'
2026-03-04T22:33:14.509+05:30  WARN 4964 --- [hotel_management_backend] [           main] ConfigServletWebServerApplicationContext : Exception encountered during context initialization - cancelling refresh attempt: org.springframework.context.ApplicationContextException: Failed to start bean 'webServerStartStop'
2026-03-04T22:33:14.519+05:30  INFO 4964 --- [hotel_management_backend] [           main] j.LocalContainerEntityManagerFactoryBean : Closing JPA EntityManagerFactory for persistence unit 'default'
2026-03-04T22:33:14.522+05:30  INFO 4964 --- [hotel_management_backend] [           main] com.zaxxer.hikari.HikariDataSource       : HikariPool-1 - Shutdown initiated...
2026-03-04T22:33:14.533+05:30  INFO 4964 --- [hotel_management_backend] [           main] com.zaxxer.hikari.HikariDataSource       : HikariPool-1 - Shutdown completed.
2026-03-04T22:33:14.562+05:30  INFO 4964 --- [hotel_management_backend] [           main] .s.b.a.l.ConditionEvaluationReportLogger : 

Error starting ApplicationContext. To display the condition evaluation report re-run your application with 'debug' enabled.
2026-03-04T22:33:14.588+05:30 ERROR 4964 --- [hotel_management_backend] [           main] o.s.b.d.LoggingFailureAnalysisReporter   : 

***************************
APPLICATION FAILED TO START
***************************

Description:

Web server failed to start. Port 8080 was already in use.

Action:

Identify and stop the process that's listening on port 8080 or configure this application to listen on another port.

[INFO] ------------------------------------------------------------------------
[INFO] BUILD FAILURE
[INFO] ------------------------------------------------------------------------
[INFO] Total time:  27.209 s
[INFO] Finished at: 2026-03-04T22:33:14+05:30
[INFO] ------------------------------------------------------------------------
[ERROR] Failed to execute goal org.springframework.boot:spring-boot-maven-plugin:3.5.10:run (default-cli) on project demo: Process terminated with exit code: 1 -> [Help 1]
[ERROR] 
[ERROR] To see the full stack trace of the errors, re-run Maven with the -e switch.
[ERROR] Re-run Maven using the -X switch to enable full debug logging.
[ERROR] 
[ERROR] For more information about the errors and possible solutions, please read the following articles:
[ERROR] [Help 1] http://cwiki.apache.org/confluence/display/MAVEN/MojoExecutionException
